{"bairro":"Sé","cep":"01001-000","complemento":"lado ímpar","ddd":"11","estado":"São Paulo","gia":"1004","ibge":"3550308","level":"info","localidade":"São Paulo","logradouro":"Praça da Sé","message":"Dados obtidos do CEP: 01001000","regiao":"Sudeste","siafi":"7107","uf":"SP","unidade":""}
{"level":"info","message":"Coordenadas encontradas para São Paulo, SP: -23.5506507, -46.6333824"}
{"level":"info","message":"CEP: 01001-000 | Local: Praça da Sé, São Paulo - SP"}
{"level":"info","message":"Coordenadas do CEP: Latitude -23.5506507, Longitude -46.6333824"}
{"level":"info","message":"Lojas em um raio de 100 km:"}
{"level":"info","message":"Loja A está a 0.02 km de distância."}
{"level":"info","message":"Endereço: Av. Paulista, 1000"}
{"bairro":"Sé","cep":"01001-000","complemento":"lado ímpar","ddd":"11","estado":"São Paulo","gia":"1004","ibge":"3550308","level":"info","localidade":"São Paulo","logradouro":"Praça da Sé","message":"Dados obtidos do CEP: 01001000","regiao":"Sudeste","siafi":"7107","uf":"SP","unidade":""}
{"level":"info","message":"Coordenadas encontradas para São Paulo, SP: -23.5506507, -46.6333824"}
{"level":"info","message":"CEP: 01001-000 | Local: Praça da Sé, São Paulo - SP"}
{"level":"info","message":"Coordenadas do CEP: Latitude -23.5506507, Longitude -46.6333824"}
{"level":"error","message":"Erro: stores.map is not a function","stack":"TypeError: stores.map is not a function\n    at nearbyStores (C:\\Users\\Paula Ribeiro\\Desktop\\Teste Compass\\Index.js:77:14)\n    at process.processTicksAndRejections (node:internal/process/task_queues:95:5)"}
{"bairro":"Sé","cep":"01001-000","complemento":"lado ímpar","ddd":"11","estado":"São Paulo","gia":"1004","ibge":"3550308","level":"info","localidade":"São Paulo","logradouro":"Praça da Sé","message":"Dados obtidos do CEP: 01001000","regiao":"Sudeste","siafi":"7107","uf":"SP","unidade":""}
{"level":"info","message":"Coordenadas encontradas para São Paulo, SP: -23.5506507, -46.6333824"}
{"level":"info","message":"CEP: 01001-000 | Local: Praça da Sé, São Paulo - SP"}
{"level":"info","message":"Coordenadas do CEP: Latitude -23.5506507, Longitude -46.6333824"}
{"level":"info","message":"Nenhuma loja encontrada no raio de 100km."}
{"bairro":"Sé","cep":"01001-000","complemento":"lado ímpar","ddd":"11","estado":"São Paulo","gia":"1004","ibge":"3550308","level":"info","localidade":"São Paulo","logradouro":"Praça da Sé","message":"Dados obtidos do CEP: 01001000","regiao":"Sudeste","siafi":"7107","uf":"SP","unidade":""}
{"level":"info","message":"Coordenadas encontradas para São Paulo, SP: -23.5506507, -46.6333824"}
{"level":"info","message":"CEP: 01001-000 | Local: Praça da Sé, São Paulo - SP"}
{"level":"info","message":"Coordenadas do CEP: Latitude -23.5506507, Longitude -46.6333824"}
{"level":"info","message":"Nenhuma loja encontrada no raio de 100km."}
{"bairro":"","cep":"88380-000","complemento":"","ddd":"47","estado":"Santa Catarina","gia":"","ibge":"4212809","level":"info","localidade":"Balneário Piçarras","logradouro":"","message":"CEP data obtained: 88380000","regiao":"Sul","siafi":"8251","uf":"SC","unidade":""}
{"0":{"addresstype":"municipality","boundingbox":["-26.8145404","-26.7050000","-48.8170000","-48.6607098"],"class":"boundary","display_name":"Balneário Piçarras, Região Geográfica Imediata de Itajaí, Região Geográfica Intermediária de Blumenau, Santa Catarina, Região Sul, Brasil","importance":0.42225496562603915,"lat":"-26.7638889","licence":"Data © OpenStreetMap contributors, ODbL 1.0. http://osm.org/copyright","lon":"-48.6716667","name":"Balneário Piçarras","osm_id":296718,"osm_type":"relation","place_id":6175558,"place_rank":16,"type":"administrative"},"level":"info","message":"Coords data obtained: Balneário Piçarras, SC"}
{"bairro":"","cep":"88380-000","complemento":"","ddd":"47","estado":"Santa Catarina","gia":"","ibge":"4212809","level":"info","localidade":"Balneário Piçarras","logradouro":"","message":"CEP data obtained: 88380000","regiao":"Sul","siafi":"8251","uf":"SC","unidade":""}
{"0":{"addresstype":"municipality","boundingbox":["-26.8145404","-26.7050000","-48.8170000","-48.6607098"],"class":"boundary","display_name":"Balneário Piçarras, Região Geográfica Imediata de Itajaí, Região Geográfica Intermediária de Blumenau, Santa Catarina, Região Sul, Brasil","importance":0.42225496562603915,"lat":"-26.7638889","licence":"Data © OpenStreetMap contributors, ODbL 1.0. http://osm.org/copyright","lon":"-48.6716667","name":"Balneário Piçarras","osm_id":296718,"osm_type":"relation","place_id":6175558,"place_rank":16,"type":"administrative"},"level":"info","message":"Coords data obtained: Balneário Piçarras, SC"}
{"bairro":"","cep":"88380-000","complemento":"","ddd":"47","estado":"Santa Catarina","gia":"","ibge":"4212809","level":"info","localidade":"Balneário Piçarras","logradouro":"","message":"CEP data obtained: 88380000","regiao":"Sul","siafi":"8251","uf":"SC","unidade":""}
{"0":{"addresstype":"municipality","boundingbox":["-26.8145404","-26.7050000","-48.8170000","-48.6607098"],"class":"boundary","display_name":"Balneário Piçarras, Região Geográfica Imediata de Itajaí, Região Geográfica Intermediária de Blumenau, Santa Catarina, Região Sul, Brasil","importance":0.42225496562603915,"lat":"-26.7638889","licence":"Data © OpenStreetMap contributors, ODbL 1.0. http://osm.org/copyright","lon":"-48.6716667","name":"Balneário Piçarras","osm_id":296718,"osm_type":"relation","place_id":6175558,"place_rank":16,"type":"administrative"},"level":"info","message":"Coords data obtained: Balneário Piçarras, SC"}
{"bairro":"","cep":"88380-000","complemento":"","ddd":"47","estado":"Santa Catarina","gia":"","ibge":"4212809","level":"info","localidade":"Balneário Piçarras","logradouro":"","message":"CEP data obtained: 88380000","regiao":"Sul","siafi":"8251","uf":"SC","unidade":""}
{"0":{"addresstype":"municipality","boundingbox":["-26.8145404","-26.7050000","-48.8170000","-48.6607098"],"class":"boundary","display_name":"Balneário Piçarras, Região Geográfica Imediata de Itajaí, Região Geográfica Intermediária de Blumenau, Santa Catarina, Região Sul, Brasil","importance":0.42225496562603915,"lat":"-26.7638889","licence":"Data © OpenStreetMap contributors, ODbL 1.0. http://osm.org/copyright","lon":"-48.6716667","name":"Balneário Piçarras","osm_id":296718,"osm_type":"relation","place_id":38855146,"place_rank":16,"type":"administrative"},"level":"info","message":"Coords data obtained: Balneário Piçarras, SC"}
{"bairro":"","cep":"88380-000","complemento":"","ddd":"47","estado":"Santa Catarina","gia":"","ibge":"4212809","level":"info","localidade":"Balneário Piçarras","logradouro":"","message":"CEP data obtained: 88380000","regiao":"Sul","siafi":"8251","uf":"SC","unidade":""}
{"0":{"addresstype":"municipality","boundingbox":["-26.8145404","-26.7050000","-48.8170000","-48.6607098"],"class":"boundary","display_name":"Balneário Piçarras, Região Geográfica Imediata de Itajaí, Região Geográfica Intermediária de Blumenau, Santa Catarina, Região Sul, Brasil","importance":0.42225496562603915,"lat":"-26.7638889","licence":"Data © OpenStreetMap contributors, ODbL 1.0. http://osm.org/copyright","lon":"-48.6716667","name":"Balneário Piçarras","osm_id":296718,"osm_type":"relation","place_id":38855146,"place_rank":16,"type":"administrative"},"level":"info","message":"Coords data obtained: Balneário Piçarras, SC"}
{"bairro":"","cep":"88380-000","complemento":"","ddd":"47","estado":"Santa Catarina","gia":"","ibge":"4212809","level":"info","localidade":"Balneário Piçarras","logradouro":"","message":"CEP data obtained: 88380000","regiao":"Sul","siafi":"8251","uf":"SC","unidade":""}
{"0":{"addresstype":"municipality","boundingbox":["-26.8145404","-26.7050000","-48.8170000","-48.6607098"],"class":"boundary","display_name":"Balneário Piçarras, Região Geográfica Imediata de Itajaí, Região Geográfica Intermediária de Blumenau, Santa Catarina, Região Sul, Brasil","importance":0.42225496562603915,"lat":"-26.7638889","licence":"Data © OpenStreetMap contributors, ODbL 1.0. http://osm.org/copyright","lon":"-48.6716667","name":"Balneário Piçarras","osm_id":296718,"osm_type":"relation","place_id":38855146,"place_rank":16,"type":"administrative"},"level":"info","message":"Coords data obtained: Balneário Piçarras, SC"}
{"bairro":"","cep":"88380-000","complemento":"","ddd":"47","estado":"Santa Catarina","gia":"","ibge":"4212809","level":"info","localidade":"Balneário Piçarras","logradouro":"","message":"CEP data obtained: 88380000","regiao":"Sul","siafi":"8251","uf":"SC","unidade":""}
{"0":{"addresstype":"municipality","boundingbox":["-26.8145404","-26.7050000","-48.8170000","-48.6607098"],"class":"boundary","display_name":"Balneário Piçarras, Região Geográfica Imediata de Itajaí, Região Geográfica Intermediária de Blumenau, Santa Catarina, Região Sul, Brasil","importance":0.42225496562603915,"lat":"-26.7638889","licence":"Data © OpenStreetMap contributors, ODbL 1.0. http://osm.org/copyright","lon":"-48.6716667","name":"Balneário Piçarras","osm_id":296718,"osm_type":"relation","place_id":6175558,"place_rank":16,"type":"administrative"},"level":"info","message":"Coords data obtained: Balneário Piçarras, SC"}
{"bairro":"","cep":"88380-000","complemento":"","ddd":"47","estado":"Santa Catarina","gia":"","ibge":"4212809","level":"info","localidade":"Balneário Piçarras","logradouro":"","message":"CEP data obtained: 88380000","regiao":"Sul","siafi":"8251","uf":"SC","unidade":""}
{"0":{"addresstype":"municipality","boundingbox":["-26.8145404","-26.7050000","-48.8170000","-48.6607098"],"class":"boundary","display_name":"Balneário Piçarras, Região Geográfica Imediata de Itajaí, Região Geográfica Intermediária de Blumenau, Santa Catarina, Região Sul, Brasil","importance":0.42225496562603915,"lat":"-26.7638889","licence":"Data © OpenStreetMap contributors, ODbL 1.0. http://osm.org/copyright","lon":"-48.6716667","name":"Balneário Piçarras","osm_id":296718,"osm_type":"relation","place_id":6175558,"place_rank":16,"type":"administrative"},"level":"info","message":"Coords data obtained: Balneário Piçarras, SC"}
{"bairro":"","cep":"88380-000","complemento":"","ddd":"47","estado":"Santa Catarina","gia":"","ibge":"4212809","level":"info","localidade":"Balneário Piçarras","logradouro":"","message":"CEP data obtained: 88380000","regiao":"Sul","siafi":"8251","uf":"SC","unidade":""}
{"0":{"addresstype":"municipality","boundingbox":["-26.8145404","-26.7050000","-48.8170000","-48.6607098"],"class":"boundary","display_name":"Balneário Piçarras, Região Geográfica Imediata de Itajaí, Região Geográfica Intermediária de Blumenau, Santa Catarina, Região Sul, Brasil","importance":0.42225496562603915,"lat":"-26.7638889","licence":"Data © OpenStreetMap contributors, ODbL 1.0. http://osm.org/copyright","lon":"-48.6716667","name":"Balneário Piçarras","osm_id":296718,"osm_type":"relation","place_id":6175558,"place_rank":16,"type":"administrative"},"level":"info","message":"Coords data obtained: Balneário Piçarras, SC"}
{"bairro":"","cep":"88380-000","complemento":"","ddd":"47","estado":"Santa Catarina","gia":"","ibge":"4212809","level":"info","localidade":"Balneário Piçarras","logradouro":"","message":"CEP data obtained: 88380000","regiao":"Sul","siafi":"8251","uf":"SC","unidade":""}
{"0":{"addresstype":"municipality","boundingbox":["-26.8145404","-26.7050000","-48.8170000","-48.6607098"],"class":"boundary","display_name":"Balneário Piçarras, Região Geográfica Imediata de Itajaí, Região Geográfica Intermediária de Blumenau, Santa Catarina, Região Sul, Brasil","importance":0.42225496562603915,"lat":"-26.7638889","licence":"Data © OpenStreetMap contributors, ODbL 1.0. http://osm.org/copyright","lon":"-48.6716667","name":"Balneário Piçarras","osm_id":296718,"osm_type":"relation","place_id":6175558,"place_rank":16,"type":"administrative"},"level":"info","message":"Coords data obtained: Balneário Piçarras, SC"}
{"bairro":"","cep":"88380-000","complemento":"","ddd":"47","estado":"Santa Catarina","gia":"","ibge":"4212809","level":"info","localidade":"Balneário Piçarras","logradouro":"","message":"CEP data obtained: 88380000","regiao":"Sul","siafi":"8251","uf":"SC","unidade":""}
{"0":{"addresstype":"municipality","boundingbox":["-26.8145404","-26.7050000","-48.8170000","-48.6607098"],"class":"boundary","display_name":"Balneário Piçarras, Região Geográfica Imediata de Itajaí, Região Geográfica Intermediária de Blumenau, Santa Catarina, Região Sul, Brasil","importance":0.42225496562603915,"lat":"-26.7638889","licence":"Data © OpenStreetMap contributors, ODbL 1.0. http://osm.org/copyright","lon":"-48.6716667","name":"Balneário Piçarras","osm_id":296718,"osm_type":"relation","place_id":6175558,"place_rank":16,"type":"administrative"},"level":"info","message":"Coords data obtained: Balneário Piçarras, SC"}
{"bairro":"","cep":"88380-000","complemento":"","ddd":"47","estado":"Santa Catarina","gia":"","ibge":"4212809","level":"info","localidade":"Balneário Piçarras","logradouro":"","message":"CEP data obtained: 88380000","regiao":"Sul","siafi":"8251","uf":"SC","unidade":""}
{"0":{"addresstype":"municipality","boundingbox":["-26.8145404","-26.7050000","-48.8170000","-48.6607098"],"class":"boundary","display_name":"Balneário Piçarras, Região Geográfica Imediata de Itajaí, Região Geográfica Intermediária de Blumenau, Santa Catarina, Região Sul, Brasil","importance":0.42225496562603915,"lat":"-26.7638889","licence":"Data © OpenStreetMap contributors, ODbL 1.0. http://osm.org/copyright","lon":"-48.6716667","name":"Balneário Piçarras","osm_id":296718,"osm_type":"relation","place_id":38855146,"place_rank":16,"type":"administrative"},"level":"info","message":"Coords data obtained: Balneário Piçarras, SC"}
{"bairro":"","cep":"88380-000","complemento":"","ddd":"47","estado":"Santa Catarina","gia":"","ibge":"4212809","level":"info","localidade":"Balneário Piçarras","logradouro":"","message":"CEP data obtained: 88380000","regiao":"Sul","siafi":"8251","uf":"SC","unidade":""}
{"0":{"addresstype":"municipality","boundingbox":["-26.8145404","-26.7050000","-48.8170000","-48.6607098"],"class":"boundary","display_name":"Balneário Piçarras, Região Geográfica Imediata de Itajaí, Região Geográfica Intermediária de Blumenau, Santa Catarina, Região Sul, Brasil","importance":0.42225496562603915,"lat":"-26.7638889","licence":"Data © OpenStreetMap contributors, ODbL 1.0. http://osm.org/copyright","lon":"-48.6716667","name":"Balneário Piçarras","osm_id":296718,"osm_type":"relation","place_id":38855146,"place_rank":16,"type":"administrative"},"level":"info","message":"Coords data obtained: Balneário Piçarras, SC"}
{"bairro":"","cep":"88380-000","complemento":"","ddd":"47","estado":"Santa Catarina","gia":"","ibge":"4212809","level":"info","localidade":"Balneário Piçarras","logradouro":"","message":"CEP data obtained: 88380000","regiao":"Sul","siafi":"8251","uf":"SC","unidade":""}
{"0":{"addresstype":"municipality","boundingbox":["-26.8145404","-26.7050000","-48.8170000","-48.6607098"],"class":"boundary","display_name":"Balneário Piçarras, Região Geográfica Imediata de Itajaí, Região Geográfica Intermediária de Blumenau, Santa Catarina, Região Sul, Brasil","importance":0.42225496562603915,"lat":"-26.7638889","licence":"Data © OpenStreetMap contributors, ODbL 1.0. http://osm.org/copyright","lon":"-48.6716667","name":"Balneário Piçarras","osm_id":296718,"osm_type":"relation","place_id":38855146,"place_rank":16,"type":"administrative"},"level":"info","message":"Coords data obtained: Balneário Piçarras, SC"}
{"bairro":"","cep":"88380-000","complemento":"","ddd":"47","estado":"Santa Catarina","gia":"","ibge":"4212809","level":"info","localidade":"Balneário Piçarras","logradouro":"","message":"CEP data obtained: 88380000","regiao":"Sul","siafi":"8251","uf":"SC","unidade":""}
{"0":{"addresstype":"municipality","boundingbox":["-26.8145404","-26.7050000","-48.8170000","-48.6607098"],"class":"boundary","display_name":"Balneário Piçarras, Região Geográfica Imediata de Itajaí, Região Geográfica Intermediária de Blumenau, Santa Catarina, Região Sul, Brasil","importance":0.42225496562603915,"lat":"-26.7638889","licence":"Data © OpenStreetMap contributors, ODbL 1.0. http://osm.org/copyright","lon":"-48.6716667","name":"Balneário Piçarras","osm_id":296718,"osm_type":"relation","place_id":6175558,"place_rank":16,"type":"administrative"},"level":"info","message":"Coords data obtained: Balneário Piçarras, SC"}
{"bairro":"","cep":"88380-000","complemento":"","ddd":"47","estado":"Santa Catarina","gia":"","ibge":"4212809","level":"info","localidade":"Balneário Piçarras","logradouro":"","message":"CEP data obtained: 88380000","regiao":"Sul","siafi":"8251","uf":"SC","unidade":""}
{"0":{"addresstype":"municipality","boundingbox":["-26.8145404","-26.7050000","-48.8170000","-48.6607098"],"class":"boundary","display_name":"Balneário Piçarras, Região Geográfica Imediata de Itajaí, Região Geográfica Intermediária de Blumenau, Santa Catarina, Região Sul, Brasil","importance":0.42225496562603915,"lat":"-26.7638889","licence":"Data © OpenStreetMap contributors, ODbL 1.0. http://osm.org/copyright","lon":"-48.6716667","name":"Balneário Piçarras","osm_id":296718,"osm_type":"relation","place_id":6175558,"place_rank":16,"type":"administrative"},"level":"info","message":"Coords data obtained: Balneário Piçarras, SC"}
{"bairro":"","cep":"88380-000","complemento":"","ddd":"47","estado":"Santa Catarina","gia":"","ibge":"4212809","level":"info","localidade":"Balneário Piçarras","logradouro":"","message":"CEP data obtained: 88380000","regiao":"Sul","siafi":"8251","uf":"SC","unidade":""}
{"0":{"addresstype":"municipality","boundingbox":["-26.8145404","-26.7050000","-48.8170000","-48.6607098"],"class":"boundary","display_name":"Balneário Piçarras, Região Geográfica Imediata de Itajaí, Região Geográfica Intermediária de Blumenau, Santa Catarina, Região Sul, Brasil","importance":0.42225496562603915,"lat":"-26.7638889","licence":"Data © OpenStreetMap contributors, ODbL 1.0. http://osm.org/copyright","lon":"-48.6716667","name":"Balneário Piçarras","osm_id":296718,"osm_type":"relation","place_id":6175558,"place_rank":16,"type":"administrative"},"level":"info","message":"Coords data obtained: Balneário Piçarras, SC"}
{"bairro":"","cep":"88380-000","complemento":"","ddd":"47","estado":"Santa Catarina","gia":"","ibge":"4212809","level":"info","localidade":"Balneário Piçarras","logradouro":"","message":"CEP data obtained: 88380000","regiao":"Sul","siafi":"8251","uf":"SC","unidade":""}
{"0":{"addresstype":"municipality","boundingbox":["-26.8145404","-26.7050000","-48.8170000","-48.6607098"],"class":"boundary","display_name":"Balneário Piçarras, Região Geográfica Imediata de Itajaí, Região Geográfica Intermediária de Blumenau, Santa Catarina, Região Sul, Brasil","importance":0.42225496562603915,"lat":"-26.7638889","licence":"Data © OpenStreetMap contributors, ODbL 1.0. http://osm.org/copyright","lon":"-48.6716667","name":"Balneário Piçarras","osm_id":296718,"osm_type":"relation","place_id":6175558,"place_rank":16,"type":"administrative"},"level":"info","message":"Coords data obtained: Balneário Piçarras, SC"}
{"bairro":"","cep":"88380-000","complemento":"","ddd":"47","estado":"Santa Catarina","gia":"","ibge":"4212809","level":"info","localidade":"Balneário Piçarras","logradouro":"","message":"CEP data obtained: 88380000","regiao":"Sul","siafi":"8251","uf":"SC","unidade":""}
{"0":{"addresstype":"municipality","boundingbox":["-26.8145404","-26.7050000","-48.8170000","-48.6607098"],"class":"boundary","display_name":"Balneário Piçarras, Região Geográfica Imediata de Itajaí, Região Geográfica Intermediária de Blumenau, Santa Catarina, Região Sul, Brasil","importance":0.42225496562603915,"lat":"-26.7638889","licence":"Data © OpenStreetMap contributors, ODbL 1.0. http://osm.org/copyright","lon":"-48.6716667","name":"Balneário Piçarras","osm_id":296718,"osm_type":"relation","place_id":6175558,"place_rank":16,"type":"administrative"},"level":"info","message":"Coords data obtained: Balneário Piçarras, SC"}
{"bairro":"","cep":"88380-000","complemento":"","ddd":"47","estado":"Santa Catarina","gia":"","ibge":"4212809","level":"info","localidade":"Balneário Piçarras","logradouro":"","message":"CEP data obtained: 88380000","regiao":"Sul","siafi":"8251","uf":"SC","unidade":""}
{"0":{"addresstype":"municipality","boundingbox":["-26.8145404","-26.7050000","-48.8170000","-48.6607098"],"class":"boundary","display_name":"Balneário Piçarras, Região Geográfica Imediata de Itajaí, Região Geográfica Intermediária de Blumenau, Santa Catarina, Região Sul, Brasil","importance":0.42225496562603915,"lat":"-26.7638889","licence":"Data © OpenStreetMap contributors, ODbL 1.0. http://osm.org/copyright","lon":"-48.6716667","name":"Balneário Piçarras","osm_id":296718,"osm_type":"relation","place_id":6175558,"place_rank":16,"type":"administrative"},"level":"info","message":"Coords data obtained: Balneário Piçarras, SC"}
{"bairro":"","cep":"88380-000","complemento":"","ddd":"47","estado":"Santa Catarina","gia":"","ibge":"4212809","level":"info","localidade":"Balneário Piçarras","logradouro":"","message":"CEP data obtained: 88380000","regiao":"Sul","siafi":"8251","uf":"SC","unidade":""}
{"0":{"addresstype":"municipality","boundingbox":["-26.8145404","-26.7050000","-48.8170000","-48.6607098"],"class":"boundary","display_name":"Balneário Piçarras, Região Geográfica Imediata de Itajaí, Região Geográfica Intermediária de Blumenau, Santa Catarina, Região Sul, Brasil","importance":0.42225496562603915,"lat":"-26.7638889","licence":"Data © OpenStreetMap contributors, ODbL 1.0. http://osm.org/copyright","lon":"-48.6716667","name":"Balneário Piçarras","osm_id":296718,"osm_type":"relation","place_id":6175558,"place_rank":16,"type":"administrative"},"level":"info","message":"Coords data obtained: Balneário Piçarras, SC"}
{"bairro":"","cep":"88380-000","complemento":"","ddd":"47","estado":"Santa Catarina","gia":"","ibge":"4212809","level":"info","localidade":"Balneário Piçarras","logradouro":"","message":"CEP data obtained: 88380000","regiao":"Sul","siafi":"8251","uf":"SC","unidade":""}
{"0":{"addresstype":"municipality","boundingbox":["-26.8145404","-26.7050000","-48.8170000","-48.6607098"],"class":"boundary","display_name":"Balneário Piçarras, Região Geográfica Imediata de Itajaí, Região Geográfica Intermediária de Blumenau, Santa Catarina, Região Sul, Brasil","importance":0.42225496562603915,"lat":"-26.7638889","licence":"Data © OpenStreetMap contributors, ODbL 1.0. http://osm.org/copyright","lon":"-48.6716667","name":"Balneário Piçarras","osm_id":296718,"osm_type":"relation","place_id":6175558,"place_rank":16,"type":"administrative"},"level":"info","message":"Coords data obtained: Balneário Piçarras, SC"}
{"bairro":"","cep":"88380-000","complemento":"","ddd":"47","estado":"Santa Catarina","gia":"","ibge":"4212809","level":"info","localidade":"Balneário Piçarras","logradouro":"","message":"CEP data obtained: 88380000","regiao":"Sul","siafi":"8251","uf":"SC","unidade":""}
{"0":{"addresstype":"municipality","boundingbox":["-26.8145404","-26.7050000","-48.8170000","-48.6607098"],"class":"boundary","display_name":"Balneário Piçarras, Região Geográfica Imediata de Itajaí, Região Geográfica Intermediária de Blumenau, Santa Catarina, Região Sul, Brasil","importance":0.42225496562603915,"lat":"-26.7638889","licence":"Data © OpenStreetMap contributors, ODbL 1.0. http://osm.org/copyright","lon":"-48.6716667","name":"Balneário Piçarras","osm_id":296718,"osm_type":"relation","place_id":6175558,"place_rank":16,"type":"administrative"},"level":"info","message":"Coords data obtained: Balneário Piçarras, SC"}
{"bairro":"","cep":"88380-000","complemento":"","ddd":"47","estado":"Santa Catarina","gia":"","ibge":"4212809","level":"info","localidade":"Balneário Piçarras","logradouro":"","message":"CEP data obtained: 88380000","regiao":"Sul","siafi":"8251","uf":"SC","unidade":""}
{"0":{"addresstype":"municipality","boundingbox":["-26.8145404","-26.7050000","-48.8170000","-48.6607098"],"class":"boundary","display_name":"Balneário Piçarras, Região Geográfica Imediata de Itajaí, Região Geográfica Intermediária de Blumenau, Santa Catarina, Região Sul, Brasil","importance":0.42225496562603915,"lat":"-26.7638889","licence":"Data © OpenStreetMap contributors, ODbL 1.0. http://osm.org/copyright","lon":"-48.6716667","name":"Balneário Piçarras","osm_id":296718,"osm_type":"relation","place_id":6175558,"place_rank":16,"type":"administrative"},"level":"info","message":"Coords data obtained: Balneário Piçarras, SC"}
{"bairro":"","cep":"88380-000","complemento":"","ddd":"47","estado":"Santa Catarina","gia":"","ibge":"4212809","level":"info","localidade":"Balneário Piçarras","logradouro":"","message":"CEP data obtained: 88380000","regiao":"Sul","siafi":"8251","uf":"SC","unidade":""}
{"0":{"addresstype":"municipality","boundingbox":["-26.8145404","-26.7050000","-48.8170000","-48.6607098"],"class":"boundary","display_name":"Balneário Piçarras, Região Geográfica Imediata de Itajaí, Região Geográfica Intermediária de Blumenau, Santa Catarina, Região Sul, Brasil","importance":0.42225496562603915,"lat":"-26.7638889","licence":"Data © OpenStreetMap contributors, ODbL 1.0. http://osm.org/copyright","lon":"-48.6716667","name":"Balneário Piçarras","osm_id":296718,"osm_type":"relation","place_id":6175558,"place_rank":16,"type":"administrative"},"level":"info","message":"Coords data obtained: Balneário Piçarras, SC"}
{"bairro":"","cep":"88380-000","complemento":"","ddd":"47","estado":"Santa Catarina","gia":"","ibge":"4212809","level":"info","localidade":"Balneário Piçarras","logradouro":"","message":"CEP data obtained: 88380000","regiao":"Sul","siafi":"8251","uf":"SC","unidade":""}
{"0":{"addresstype":"municipality","boundingbox":["-26.8145404","-26.7050000","-48.8170000","-48.6607098"],"class":"boundary","display_name":"Balneário Piçarras, Região Geográfica Imediata de Itajaí, Região Geográfica Intermediária de Blumenau, Santa Catarina, Região Sul, Brasil","importance":0.42225496562603915,"lat":"-26.7638889","licence":"Data © OpenStreetMap contributors, ODbL 1.0. http://osm.org/copyright","lon":"-48.6716667","name":"Balneário Piçarras","osm_id":296718,"osm_type":"relation","place_id":6175558,"place_rank":16,"type":"administrative"},"level":"info","message":"Coords data obtained: Balneário Piçarras, SC"}
{"bairro":"","cep":"88380-000","complemento":"","ddd":"47","estado":"Santa Catarina","gia":"","ibge":"4212809","level":"info","localidade":"Balneário Piçarras","logradouro":"","message":"CEP data obtained: 88380000","regiao":"Sul","siafi":"8251","uf":"SC","unidade":""}
{"0":{"addresstype":"municipality","boundingbox":["-26.8145404","-26.7050000","-48.8170000","-48.6607098"],"class":"boundary","display_name":"Balneário Piçarras, Região Geográfica Imediata de Itajaí, Região Geográfica Intermediária de Blumenau, Santa Catarina, Região Sul, Brasil","importance":0.42225496562603915,"lat":"-26.7638889","licence":"Data © OpenStreetMap contributors, ODbL 1.0. http://osm.org/copyright","lon":"-48.6716667","name":"Balneário Piçarras","osm_id":296718,"osm_type":"relation","place_id":6175558,"place_rank":16,"type":"administrative"},"level":"info","message":"Coords data obtained: Balneário Piçarras, SC"}
{"bairro":"","cep":"88380-000","complemento":"","ddd":"47","estado":"Santa Catarina","gia":"","ibge":"4212809","level":"info","localidade":"Balneário Piçarras","logradouro":"","message":"CEP data obtained: 88380000","regiao":"Sul","siafi":"8251","uf":"SC","unidade":""}
{"0":{"addresstype":"municipality","boundingbox":["-26.8145404","-26.7050000","-48.8170000","-48.6607098"],"class":"boundary","display_name":"Balneário Piçarras, Região Geográfica Imediata de Itajaí, Região Geográfica Intermediária de Blumenau, Santa Catarina, Região Sul, Brasil","importance":0.42225496562603915,"lat":"-26.7638889","licence":"Data © OpenStreetMap contributors, ODbL 1.0. http://osm.org/copyright","lon":"-48.6716667","name":"Balneário Piçarras","osm_id":296718,"osm_type":"relation","place_id":6175558,"place_rank":16,"type":"administrative"},"level":"info","message":"Coords data obtained: Balneário Piçarras, SC"}
{"bairro":"","cep":"88380-000","complemento":"","ddd":"47","estado":"Santa Catarina","gia":"","ibge":"4212809","level":"info","localidade":"Balneário Piçarras","logradouro":"","message":"CEP data obtained: 88380000","regiao":"Sul","siafi":"8251","uf":"SC","unidade":""}
{"0":{"addresstype":"municipality","boundingbox":["-26.8145404","-26.7050000","-48.8170000","-48.6607098"],"class":"boundary","display_name":"Balneário Piçarras, Região Geográfica Imediata de Itajaí, Região Geográfica Intermediária de Blumenau, Santa Catarina, Região Sul, Brasil","importance":0.42225496562603915,"lat":"-26.7638889","licence":"Data © OpenStreetMap contributors, ODbL 1.0. http://osm.org/copyright","lon":"-48.6716667","name":"Balneário Piçarras","osm_id":296718,"osm_type":"relation","place_id":6175558,"place_rank":16,"type":"administrative"},"level":"info","message":"Coords data obtained: Balneário Piçarras, SC"}
{"bairro":"","cep":"88380-000","complemento":"","ddd":"47","estado":"Santa Catarina","gia":"","ibge":"4212809","level":"info","localidade":"Balneário Piçarras","logradouro":"","message":"CEP data obtained: 88380000","regiao":"Sul","siafi":"8251","uf":"SC","unidade":""}
{"0":{"addresstype":"municipality","boundingbox":["-26.8145404","-26.7050000","-48.8170000","-48.6607098"],"class":"boundary","display_name":"Balneário Piçarras, Região Geográfica Imediata de Itajaí, Região Geográfica Intermediária de Blumenau, Santa Catarina, Região Sul, Brasil","importance":0.42225496562603915,"lat":"-26.7638889","licence":"Data © OpenStreetMap contributors, ODbL 1.0. http://osm.org/copyright","lon":"-48.6716667","name":"Balneário Piçarras","osm_id":296718,"osm_type":"relation","place_id":6175558,"place_rank":16,"type":"administrative"},"level":"info","message":"Coords data obtained: Balneário Piçarras, SC"}
{"erro":"true","level":"info","message":"CEP data obtained: 01000-000"}
{"level":"info","message":"Coords data obtained: undefined, undefined"}
{"level":"error","message":"Error getting coordinate data:\n {}"}
{"erro":"true","level":"info","message":"CEP data obtained: 01000-000"}
{"level":"info","message":"Coords data obtained: undefined, undefined"}
{"level":"error","message":"Error getting coordinate data:\n {}"}
{"erro":"true","level":"info","message":"CEP data obtained: 01000000"}
{"level":"info","message":"Coords data obtained: undefined, undefined"}
{"level":"error","message":"Error getting coordinate data:\n {}"}
{"erro":"true","level":"info","message":"CEP data obtained: 01000000"}
{"level":"info","message":"Coords data obtained: undefined, undefined"}
{"level":"error","message":"Error getting coordinate data:\n {}"}
{"erro":"true","level":"info","message":"CEP data obtained: 01000000"}
{"level":"info","message":"Coords data obtained: undefined, undefined"}
{"level":"error","message":"Error getting coordinate data:\n {}"}
{"erro":"true","level":"info","message":"CEP data obtained: 01000000"}
{"level":"info","message":"Coords data obtained: undefined, undefined"}
{"level":"error","message":"Error getting coordinate data:\n {}"}
{"erro":"true","level":"info","message":"CEP data obtained: 01000000"}
{"level":"info","message":"Coords data obtained: undefined, undefined"}
{"level":"error","message":"Error getting coordinate data:\n {}"}
{"erro":"true","level":"info","message":"CEP data obtained: 20000000"}
{"level":"info","message":"Coords data obtained: undefined, undefined"}
{"level":"error","message":"Error getting coordinate data:\n {}"}
{"erro":"true","level":"info","message":"CEP data obtained: 01000000"}
{"level":"info","message":"Coords data obtained: undefined, undefined"}
{"level":"error","message":"Error getting coordinate data:\n {}"}
{"erro":"true","level":"info","message":"CEP data obtained: 01000000"}
{"level":"info","message":"Coords data obtained: undefined, undefined"}
{"level":"error","message":"Error getting coordinate data:\n {}"}
{"erro":"true","level":"info","message":"CEP data obtained: 01000000"}
{"level":"info","message":"Coords data obtained: undefined, undefined"}
{"level":"error","message":"Error getting coordinate data:\n {}"}
{"erro":"true","level":"info","message":"CEP data obtained: 01000000"}
{"level":"info","message":"Coords data obtained: undefined, undefined"}
{"level":"error","message":"Error getting coordinate data:\n {}"}
{"erro":"true","level":"info","message":"CEP data obtained: 20000000"}
{"level":"info","message":"Coords data obtained: undefined, undefined"}
{"level":"error","message":"Error getting coordinate data:\n {}"}
{"erro":"true","level":"info","message":"CEP data obtained: 30100000"}
{"level":"info","message":"Coords data obtained: undefined, undefined"}
{"level":"error","message":"Error getting coordinate data:\n {}"}
{"erro":"true","level":"info","message":"CEP data obtained: 90000000"}
{"level":"info","message":"Coords data obtained: undefined, undefined"}
{"level":"error","message":"Error getting coordinate data:\n {}"}
{"bairro":"","cep":"88380-000","complemento":"","ddd":"47","estado":"Santa Catarina","gia":"","ibge":"4212809","level":"info","localidade":"Balneário Piçarras","logradouro":"","message":"CEP data obtained: 88380000","regiao":"Sul","siafi":"8251","uf":"SC","unidade":""}
{"0":{"addresstype":"municipality","boundingbox":["-26.8145404","-26.7050000","-48.8170000","-48.6607098"],"class":"boundary","display_name":"Balneário Piçarras, Região Geográfica Imediata de Itajaí, Região Geográfica Intermediária de Blumenau, Santa Catarina, Região Sul, Brasil","importance":0.42225496562603915,"lat":"-26.7638889","licence":"Data © OpenStreetMap contributors, ODbL 1.0. http://osm.org/copyright","lon":"-48.6716667","name":"Balneário Piçarras","osm_id":296718,"osm_type":"relation","place_id":38855146,"place_rank":16,"type":"administrative"},"level":"info","message":"Coords data obtained: Balneário Piçarras, SC"}
{"erro":"true","level":"info","message":"CEP data obtained: 80000000"}
{"level":"info","message":"Coords data obtained: undefined, undefined"}
{"level":"error","message":"Error getting coordinate data:\n {}"}
{"bairro":"Barra do Rio","cep":"88305-500","complemento":"","ddd":"47","estado":"Santa Catarina","gia":"","ibge":"4208203","level":"info","localidade":"Itajaí","logradouro":"Rua Curt Hering","message":"CEP data obtained: 88305-500","regiao":"Sul","siafi":"8161","uf":"SC","unidade":""}
{"0":{"addresstype":"municipality","boundingbox":["-27.0960000","-26.8378087","-48.8690000","-48.6213454"],"class":"boundary","display_name":"Itajaí, Região Geográfica Imediata de Itajaí, Região Geográfica Intermediária de Blumenau, Santa Catarina, Região Sul, Brasil","importance":0.4909356859828719,"lat":"-26.9046787","licence":"Data © OpenStreetMap contributors, ODbL 1.0. http://osm.org/copyright","lon":"-48.6552979","name":"Itajaí","osm_id":296666,"osm_type":"relation","place_id":38843054,"place_rank":16,"type":"administrative"},"level":"info","message":"Coords data obtained: Itajaí, SC"}
{"erro":"true","level":"info","message":"CEP data obtained: 80000000"}
{"level":"info","message":"Coords data obtained: undefined, undefined"}
{"level":"error","message":"Error getting coordinate data:\n {}"}
{"erro":"true","level":"info","message":"CEP data obtained: 88385500"}
{"level":"info","message":"Coords data obtained: undefined, undefined"}
{"level":"error","message":"Error getting coordinate data:\n {}"}
{"bairro":"","cep":"88385-000","complemento":"","ddd":"47","estado":"Santa Catarina","gia":"","ibge":"4212502","level":"info","localidade":"Penha","logradouro":"","message":"CEP data obtained: 88385000","regiao":"Sul","siafi":"8245","uf":"SC","unidade":""}
{"0":{"addresstype":"municipality","boundingbox":["-26.8452916","-26.7429887","-48.7115535","-48.5837450"],"class":"boundary","display_name":"Penha, Região Geográfica Imediata de Itajaí, Região Geográfica Intermediária de Blumenau, Santa Catarina, Região Sul, 88385-000, Brasil","importance":0.4650401205873301,"lat":"-26.775418","licence":"Data © OpenStreetMap contributors, ODbL 1.0. http://osm.org/copyright","lon":"-48.6465251","name":"Penha","osm_id":296549,"osm_type":"relation","place_id":384731132,"place_rank":16,"type":"administrative"},"1":{"addresstype":"suburb","boundingbox":["-27.8153397","-27.8040967","-50.2934720","-50.2741157"],"class":"boundary","display_name":"Penha, Lages, Região Geográfica Imediata de Lages, Região Geográfica Intermediária de Lages, Santa Catarina, Região Sul, Brasil","importance":0.27501,"lat":"-27.8106427","licence":"Data © OpenStreetMap contributors, ODbL 1.0. http://osm.org/copyright","lon":"-50.2847761","name":"Penha","osm_id":8386350,"osm_type":"relation","place_id":6369274,"place_rank":20,"type":"administrative"},"2":{"addresstype":"suburb","boundingbox":["-28.1573977","-28.0825743","-48.7605990","-48.6966584"],"class":"boundary","display_name":"Penha, Imbituba, Região Geográfica Imediata de Florianópolis, Região Geográfica Intermediária de Florianópolis, Santa Catarina, Região Sul, 88780-000, Brasil","importance":0.27501,"lat":"-28.1051556","licence":"Data © OpenStreetMap contributors, ODbL 1.0. http://osm.org/copyright","lon":"-48.7057428","name":"Penha","osm_id":8062222,"osm_type":"relation","place_id":6484111,"place_rank":20,"type":"administrative"},"3":{"addresstype":"neighbourhood","boundingbox":["-28.0860195","-28.0591849","-48.7312046","-48.7033830"],"class":"boundary","display_name":"Penha, Paulo Lopes, Região Geográfica Imediata de Florianópolis, Região Geográfica Intermediária de Florianópolis, Santa Catarina, Região Sul, Brasil","importance":0.25000999999999995,"lat":"-28.0670747","licence":"Data © OpenStreetMap contributors, ODbL 1.0. http://osm.org/copyright","lon":"-48.7137693","name":"Penha","osm_id":13308630,"osm_type":"relation","place_id":6459375,"place_rank":20,"type":"administrative"},"4":{"addresstype":"garages","boundingbox":["-26.9113192","-26.9103300","-49.0892344","-49.0883480"],"class":"landuse","display_name":"Empresa de Ônibus Nossa Senhora da Penha, 1500, Vila Nova, Blumenau, Região Geográfica Imediata de Blumenau, Região Geográfica Intermediária de Blumenau, Santa Catarina, Região Sul, Brasil","importance":0.2000099999999999,"lat":"-26.9107569","licence":"Data © OpenStreetMap contributors, ODbL 1.0. http://osm.org/copyright","lon":"-49.08878883453365","name":"Empresa de Ônibus Nossa Senhora da Penha","osm_id":279471521,"osm_type":"way","place_id":6244622,"place_rank":22,"type":"garages"},"level":"info","message":"Coords data obtained: Penha, SC"}
{"erro":"true","level":"info","message":"CEP data obtained: 88385500"}
{"level":"info","message":"Coords data obtained: undefined, undefined"}
{"level":"error","message":"Error getting coordinate data:\n {}"}
{"erro":"true","level":"info","message":"CEP data obtained: 88385500"}
{"level":"info","message":"Coords data obtained: undefined, undefined"}
{"level":"error","message":"Error getting coordinate data:\n {}"}
{"bairro":"","cep":"88385-000","complemento":"","ddd":"47","estado":"Santa Catarina","gia":"","ibge":"4212502","level":"info","localidade":"Penha","logradouro":"","message":"CEP data obtained: 88385000","regiao":"Sul","siafi":"8245","uf":"SC","unidade":""}
{"0":{"addresstype":"municipality","boundingbox":["-26.8452916","-26.7429887","-48.7115535","-48.5837450"],"class":"boundary","display_name":"Penha, Região Geográfica Imediata de Itajaí, Região Geográfica Intermediária de Blumenau, Santa Catarina, Região Sul, 88385-000, Brasil","importance":0.4650401205873301,"lat":"-26.775418","licence":"Data © OpenStreetMap contributors, ODbL 1.0. http://osm.org/copyright","lon":"-48.6465251","name":"Penha","osm_id":296549,"osm_type":"relation","place_id":384731132,"place_rank":16,"type":"administrative"},"1":{"addresstype":"suburb","boundingbox":["-27.8153397","-27.8040967","-50.2934720","-50.2741157"],"class":"boundary","display_name":"Penha, Lages, Região Geográfica Imediata de Lages, Região Geográfica Intermediária de Lages, Santa Catarina, Região Sul, Brasil","importance":0.27501,"lat":"-27.8106427","licence":"Data © OpenStreetMap contributors, ODbL 1.0. http://osm.org/copyright","lon":"-50.2847761","name":"Penha","osm_id":8386350,"osm_type":"relation","place_id":6369274,"place_rank":20,"type":"administrative"},"2":{"addresstype":"suburb","boundingbox":["-28.1573977","-28.0825743","-48.7605990","-48.6966584"],"class":"boundary","display_name":"Penha, Imbituba, Região Geográfica Imediata de Florianópolis, Região Geográfica Intermediária de Florianópolis, Santa Catarina, Região Sul, 88780-000, Brasil","importance":0.27501,"lat":"-28.1051556","licence":"Data © OpenStreetMap contributors, ODbL 1.0. http://osm.org/copyright","lon":"-48.7057428","name":"Penha","osm_id":8062222,"osm_type":"relation","place_id":6484111,"place_rank":20,"type":"administrative"},"3":{"addresstype":"neighbourhood","boundingbox":["-28.0860195","-28.0591849","-48.7312046","-48.7033830"],"class":"boundary","display_name":"Penha, Paulo Lopes, Região Geográfica Imediata de Florianópolis, Região Geográfica Intermediária de Florianópolis, Santa Catarina, Região Sul, Brasil","importance":0.25000999999999995,"lat":"-28.0670747","licence":"Data © OpenStreetMap contributors, ODbL 1.0. http://osm.org/copyright","lon":"-48.7137693","name":"Penha","osm_id":13308630,"osm_type":"relation","place_id":6459375,"place_rank":20,"type":"administrative"},"4":{"addresstype":"garages","boundingbox":["-26.9113192","-26.9103300","-49.0892344","-49.0883480"],"class":"landuse","display_name":"Empresa de Ônibus Nossa Senhora da Penha, 1500, Vila Nova, Blumenau, Região Geográfica Imediata de Blumenau, Região Geográfica Intermediária de Blumenau, Santa Catarina, Região Sul, Brasil","importance":0.2000099999999999,"lat":"-26.9107569","licence":"Data © OpenStreetMap contributors, ODbL 1.0. http://osm.org/copyright","lon":"-49.08878883453365","name":"Empresa de Ônibus Nossa Senhora da Penha","osm_id":279471521,"osm_type":"way","place_id":6244622,"place_rank":22,"type":"garages"},"level":"info","message":"Coords data obtained: Penha, SC"}
{"bairro":"","cep":"88380-000","complemento":"","ddd":"47","estado":"Santa Catarina","gia":"","ibge":"4212809","level":"info","localidade":"Balneário Piçarras","logradouro":"","message":"CEP data obtained: 88380000","regiao":"Sul","siafi":"8251","uf":"SC","unidade":""}
{"0":{"addresstype":"municipality","boundingbox":["-26.8145404","-26.7050000","-48.8170000","-48.6607098"],"class":"boundary","display_name":"Balneário Piçarras, Região Geográfica Imediata de Itajaí, Região Geográfica Intermediária de Blumenau, Santa Catarina, Região Sul, Brasil","importance":0.42225496562603915,"lat":"-26.7638889","licence":"Data © OpenStreetMap contributors, ODbL 1.0. http://osm.org/copyright","lon":"-48.6716667","name":"Balneário Piçarras","osm_id":296718,"osm_type":"relation","place_id":6175558,"place_rank":16,"type":"administrative"},"level":"info","message":"Coords data obtained: Balneário Piçarras, SC"}
{"bairro":"","cep":"88380-000","complemento":"","ddd":"47","estado":"Santa Catarina","gia":"","ibge":"4212809","level":"info","localidade":"Balneário Piçarras","logradouro":"","message":"CEP data obtained: 88380000","regiao":"Sul","siafi":"8251","uf":"SC","unidade":""}
{"0":{"addresstype":"municipality","boundingbox":["-26.8145404","-26.7050000","-48.8170000","-48.6607098"],"class":"boundary","display_name":"Balneário Piçarras, Região Geográfica Imediata de Itajaí, Região Geográfica Intermediária de Blumenau, Santa Catarina, Região Sul, Brasil","importance":0.42225496562603915,"lat":"-26.7638889","licence":"Data © OpenStreetMap contributors, ODbL 1.0. http://osm.org/copyright","lon":"-48.6716667","name":"Balneário Piçarras","osm_id":296718,"osm_type":"relation","place_id":6175558,"place_rank":16,"type":"administrative"},"level":"info","message":"Coords data obtained: Balneário Piçarras, SC"}
{"bairro":"","cep":"88210-000","complemento":"","ddd":"47","estado":"Santa Catarina","gia":"","ibge":"4213500","level":"info","localidade":"Porto Belo","logradouro":"","message":"CEP data obtained: 88210-000","regiao":"Sul","siafi":"8265","uf":"SC","unidade":""}
{"0":{"addresstype":"municipality","boundingbox":["-27.2204094","-27.1103737","-48.6920714","-48.5077441"],"class":"boundary","display_name":"Porto Belo, Região Geográfica Imediata de Itajaí, Região Geográfica Intermediária de Blumenau, Santa Catarina, Região Sul, 89210-000, Brasil","importance":0.4775560268670979,"lat":"-27.1542415","licence":"Data © OpenStreetMap contributors, ODbL 1.0. http://osm.org/copyright","lon":"-48.5424395","name":"Porto Belo","osm_id":296565,"osm_type":"relation","place_id":6438090,"place_rank":16,"type":"administrative"},"level":"info","message":"Coords data obtained: Porto Belo, SC"}
{"bairro":"","cep":"88210-000","complemento":"","ddd":"47","estado":"Santa Catarina","gia":"","ibge":"4213500","level":"info","localidade":"Porto Belo","logradouro":"","message":"CEP data obtained: 88210-000","regiao":"Sul","siafi":"8265","uf":"SC","unidade":""}
{"0":{"addresstype":"municipality","boundingbox":["-27.2204094","-27.1103737","-48.6920714","-48.5077441"],"class":"boundary","display_name":"Porto Belo, Região Geográfica Imediata de Itajaí, Região Geográfica Intermediária de Blumenau, Santa Catarina, Região Sul, 89210-000, Brasil","importance":0.4775560268670979,"lat":"-27.1542415","licence":"Data © OpenStreetMap contributors, ODbL 1.0. http://osm.org/copyright","lon":"-48.5424395","name":"Porto Belo","osm_id":296565,"osm_type":"relation","place_id":6438090,"place_rank":16,"type":"administrative"},"level":"info","message":"Coords data obtained: Porto Belo, SC"}
{"bairro":"Santa Helena","cep":"88504-440","complemento":"de 430 a 1498 - lado par","ddd":"49","estado":"Santa Catarina","gia":"","ibge":"4209300","level":"info","localidade":"Lages","logradouro":"Avenida Santa Catarina","message":"CEP data obtained: 88504-440","regiao":"Sul","siafi":"8183","uf":"SC","unidade":""}
{"0":{"addresstype":"municipality","boundingbox":["-28.4333434","-27.5690810","-50.6964052","-49.9982107"],"class":"boundary","display_name":"Lages, Região Geográfica Imediata de Lages, Região Geográfica Intermediária de Lages, Santa Catarina, Região Sul, Brasil","importance":0.48777435717804796,"lat":"-27.8165664","licence":"Data © OpenStreetMap contributors, ODbL 1.0. http://osm.org/copyright","lon":"-50.325883","name":"Lages","osm_id":296771,"osm_type":"relation","place_id":6700216,"place_rank":16,"type":"administrative"},"level":"info","message":"Coords data obtained: Lages, SC"}
{"bairro":"Santa Helena","cep":"88504-440","complemento":"de 430 a 1498 - lado par","ddd":"49","estado":"Santa Catarina","gia":"","ibge":"4209300","level":"info","localidade":"Lages","logradouro":"Avenida Santa Catarina","message":"CEP data obtained: 88504-440","regiao":"Sul","siafi":"8183","uf":"SC","unidade":""}
{"0":{"addresstype":"municipality","boundingbox":["-28.4333434","-27.5690810","-50.6964052","-49.9982107"],"class":"boundary","display_name":"Lages, Região Geográfica Imediata de Lages, Região Geográfica Intermediária de Lages, Santa Catarina, Região Sul, Brasil","importance":0.48777435717804796,"lat":"-27.8165664","licence":"Data © OpenStreetMap contributors, ODbL 1.0. http://osm.org/copyright","lon":"-50.325883","name":"Lages","osm_id":296771,"osm_type":"relation","place_id":6700216,"place_rank":16,"type":"administrative"},"level":"info","message":"Coords data obtained: Lages, SC"}
{"bairro":"Santa Helena","cep":"88504-440","complemento":"de 430 a 1498 - lado par","ddd":"49","estado":"Santa Catarina","gia":"","ibge":"4209300","level":"info","localidade":"Lages","logradouro":"Avenida Santa Catarina","message":"CEP data obtained: 88504-440","regiao":"Sul","siafi":"8183","uf":"SC","unidade":""}
{"0":{"addresstype":"municipality","boundingbox":["-28.4333434","-27.5690810","-50.6964052","-49.9982107"],"class":"boundary","display_name":"Lages, Região Geográfica Imediata de Lages, Região Geográfica Intermediária de Lages, Santa Catarina, Região Sul, Brasil","importance":0.48777435717804796,"lat":"-27.8165664","licence":"Data © OpenStreetMap contributors, ODbL 1.0. http://osm.org/copyright","lon":"-50.325883","name":"Lages","osm_id":296771,"osm_type":"relation","place_id":6700216,"place_rank":16,"type":"administrative"},"level":"info","message":"Coords data obtained: Lages, SC"}
{"bairro":"Santa Helena","cep":"88504-440","complemento":"de 430 a 1498 - lado par","ddd":"49","estado":"Santa Catarina","gia":"","ibge":"4209300","level":"info","localidade":"Lages","logradouro":"Avenida Santa Catarina","message":"CEP data obtained: 88504-440","regiao":"Sul","siafi":"8183","uf":"SC","unidade":""}
{"0":{"addresstype":"municipality","boundingbox":["-28.4333434","-27.5690810","-50.6964052","-49.9982107"],"class":"boundary","display_name":"Lages, Região Geográfica Imediata de Lages, Região Geográfica Intermediária de Lages, Santa Catarina, Região Sul, Brasil","importance":0.48777435717804796,"lat":"-27.8165664","licence":"Data © OpenStreetMap contributors, ODbL 1.0. http://osm.org/copyright","lon":"-50.325883","name":"Lages","osm_id":296771,"osm_type":"relation","place_id":6700216,"place_rank":16,"type":"administrative"},"level":"info","message":"Coords data obtained: Lages, SC"}
{"erro":"true","level":"info","message":"CEP data obtained: 80000000"}
{"level":"info","message":"Coords data obtained: undefined, undefined"}
{"level":"error","message":"Error getting coordinate data:\n {}"}
{"erro":"true","level":"info","message":"CEP data obtained: 01000000"}
{"level":"info","message":"Coords data obtained: undefined, undefined"}
{"level":"error","message":"Error getting coordinate data:\n {}"}
{"bairro":"Barra do Rio","cep":"88305-500","complemento":"","ddd":"47","estado":"Santa Catarina","gia":"","ibge":"4208203","level":"info","localidade":"Itajaí","logradouro":"Rua Curt Hering","message":"CEP data obtained: 88305-500","regiao":"Sul","siafi":"8161","uf":"SC","unidade":""}
{"0":{"addresstype":"municipality","boundingbox":["-27.0960000","-26.8378087","-48.8690000","-48.6213454"],"class":"boundary","display_name":"Itajaí, Região Geográfica Imediata de Itajaí, Região Geográfica Intermediária de Blumenau, Santa Catarina, Região Sul, Brasil","importance":0.4909356859828719,"lat":"-26.9046787","licence":"Data © OpenStreetMap contributors, ODbL 1.0. http://osm.org/copyright","lon":"-48.6552979","name":"Itajaí","osm_id":296666,"osm_type":"relation","place_id":6169985,"place_rank":16,"type":"administrative"},"level":"info","message":"Coords data obtained: Itajaí, SC"}
{"bairro":"Santa Helena","cep":"88504-440","complemento":"de 430 a 1498 - lado par","ddd":"49","estado":"Santa Catarina","gia":"","ibge":"4209300","level":"info","localidade":"Lages","logradouro":"Avenida Santa Catarina","message":"CEP data obtained: 88504-440","regiao":"Sul","siafi":"8183","uf":"SC","unidade":""}
{"0":{"addresstype":"municipality","boundingbox":["-28.4333434","-27.5690810","-50.6964052","-49.9982107"],"class":"boundary","display_name":"Lages, Região Geográfica Imediata de Lages, Região Geográfica Intermediária de Lages, Santa Catarina, Região Sul, Brasil","importance":0.48777435717804796,"lat":"-27.8165664","licence":"Data © OpenStreetMap contributors, ODbL 1.0. http://osm.org/copyright","lon":"-50.325883","name":"Lages","osm_id":296771,"osm_type":"relation","place_id":6700216,"place_rank":16,"type":"administrative"},"level":"info","message":"Coords data obtained: Lages, SC"}
{"bairro":"Vila Isabel","cep":"85501-000","complemento":"de 771 a 1333 - lado ímpar","ddd":"46","estado":"Paraná","gia":"","ibge":"4118501","level":"info","localidade":"Pato Branco","logradouro":"Avenida Tupi","message":"CEP data obtained: 85501-000","regiao":"Sul","siafi":"7751","uf":"PR","unidade":""}
{"0":{"addresstype":"municipality","boundingbox":["-26.3078040","-25.9958796","-52.8130000","-52.5298870"],"class":"boundary","display_name":"Pato Branco, Região Geográfica Imediata de Pato Branco, Região Geográfica Intermediária de Cascavel, Paraná, Região Sul, Brasil","importance":0.5081268699903825,"lat":"-26.2295984","licence":"Data © OpenStreetMap contributors, ODbL 1.0. http://osm.org/copyright","lon":"-52.6712474","name":"Pato Branco","osm_id":297599,"osm_type":"relation","place_id":406335184,"place_rank":16,"type":"administrative"},"level":"info","message":"Coords data obtained: Pato Branco, PR"}
{"bairro":"Santa Helena","cep":"88504-440","complemento":"de 430 a 1498 - lado par","ddd":"49","estado":"Santa Catarina","gia":"","ibge":"4209300","level":"info","localidade":"Lages","logradouro":"Avenida Santa Catarina","message":"CEP data obtained: 88504-440","regiao":"Sul","siafi":"8183","uf":"SC","unidade":""}
{"0":{"addresstype":"municipality","boundingbox":["-28.4333434","-27.5690810","-50.6964052","-49.9982107"],"class":"boundary","display_name":"Lages, Região Geográfica Imediata de Lages, Região Geográfica Intermediária de Lages, Santa Catarina, Região Sul, Brasil","importance":0.48777435717804796,"lat":"-27.8165664","licence":"Data © OpenStreetMap contributors, ODbL 1.0. http://osm.org/copyright","lon":"-50.325883","name":"Lages","osm_id":296771,"osm_type":"relation","place_id":6700216,"place_rank":16,"type":"administrative"},"level":"info","message":"Coords data obtained: Lages, SC"}
{"bairro":"Santa Helena","cep":"88504-440","complemento":"de 430 a 1498 - lado par","ddd":"49","estado":"Santa Catarina","gia":"","ibge":"4209300","level":"info","localidade":"Lages","logradouro":"Avenida Santa Catarina","message":"CEP data obtained: 88504-440","regiao":"Sul","siafi":"8183","uf":"SC","unidade":""}
{"0":{"addresstype":"municipality","boundingbox":["-28.4333434","-27.5690810","-50.6964052","-49.9982107"],"class":"boundary","display_name":"Lages, Região Geográfica Imediata de Lages, Região Geográfica Intermediária de Lages, Santa Catarina, Região Sul, Brasil","importance":0.48777435717804796,"lat":"-27.8165664","licence":"Data © OpenStreetMap contributors, ODbL 1.0. http://osm.org/copyright","lon":"-50.325883","name":"Lages","osm_id":296771,"osm_type":"relation","place_id":6700216,"place_rank":16,"type":"administrative"},"level":"info","message":"Coords data obtained: Lages, SC"}
{"erro":"true","level":"info","message":"CEP data obtained: 01000000"}
{"level":"info","message":"Coords data obtained: undefined, undefined"}
{"level":"error","message":"Error getting coordinate data:\n {}"}
{"erro":"true","level":"info","message":"CEP data obtained: 20000000"}
{"level":"info","message":"Coords data obtained: undefined, undefined"}
{"level":"error","message":"Error getting coordinate data:\n {}"}
{"erro":"true","level":"info","message":"CEP data obtained: 30100000"}
{"level":"info","message":"Coords data obtained: undefined, undefined"}
{"level":"error","message":"Error getting coordinate data:\n {}"}
{"erro":"true","level":"info","message":"CEP data obtained: 90000000"}
{"level":"info","message":"Coords data obtained: undefined, undefined"}
{"level":"error","message":"Error getting coordinate data:\n {}"}
{"erro":"true","level":"info","message":"CEP data obtained: 80000000"}
{"level":"info","message":"Coords data obtained: undefined, undefined"}
{"level":"error","message":"Error getting coordinate data:\n {}"}
{"erro":"true","level":"info","message":"CEP data obtained: 01000000"}
{"erro":"true","level":"info","message":"CEP data obtained: 20000000"}
{"level":"info","message":"Coords data obtained: undefined, undefined"}
{"level":"error","message":"Error getting coordinate data:\n {}"}
{"level":"info","message":"Coords data obtained: undefined, undefined"}
{"level":"error","message":"Error getting coordinate data:\n {}"}
{"bairro":"Itaipava","cep":"88316-400","complemento":"","ddd":"47","estado":"Santa Catarina","gia":"","ibge":"4208203","level":"info","localidade":"Itajaí","logradouro":"Rua Manoel Bernardes","message":"CEP data obtained: 88316-400","regiao":"Sul","siafi":"8161","uf":"SC","unidade":""}
{"0":{"addresstype":"municipality","boundingbox":["-27.0960000","-26.8378087","-48.8690000","-48.6213454"],"class":"boundary","display_name":"Itajaí, Região Geográfica Imediata de Itajaí, Região Geográfica Intermediária de Blumenau, Santa Catarina, Região Sul, Brasil","importance":0.4909356859828719,"lat":"-26.9046787","licence":"Data © OpenStreetMap contributors, ODbL 1.0. http://osm.org/copyright","lon":"-48.6552979","name":"Itajaí","osm_id":296666,"osm_type":"relation","place_id":6169985,"place_rank":16,"type":"administrative"},"level":"info","message":"Coords data obtained: Itajaí, SC"}
{"bairro":"","cep":"88210-000","complemento":"","ddd":"47","estado":"Santa Catarina","gia":"","ibge":"4213500","level":"info","localidade":"Porto Belo","logradouro":"","message":"CEP data obtained: 88210-000","regiao":"Sul","siafi":"8265","uf":"SC","unidade":""}
{"0":{"addresstype":"municipality","boundingbox":["-27.2204094","-27.1103737","-48.6920714","-48.5077441"],"class":"boundary","display_name":"Porto Belo, Região Geográfica Imediata de Itajaí, Região Geográfica Intermediária de Blumenau, Santa Catarina, Região Sul, 89210-000, Brasil","importance":0.4775560268670979,"lat":"-27.1542415","licence":"Data © OpenStreetMap contributors, ODbL 1.0. http://osm.org/copyright","lon":"-48.5424395","name":"Porto Belo","osm_id":296565,"osm_type":"relation","place_id":39087726,"place_rank":16,"type":"administrative"},"level":"info","message":"Coords data obtained: Porto Belo, SC"}
{"bairro":"Itaipava","cep":"88316-400","complemento":"","ddd":"47","estado":"Santa Catarina","gia":"","ibge":"4208203","level":"info","localidade":"Itajaí","logradouro":"Rua Manoel Bernardes","message":"CEP data obtained: 88316-400","regiao":"Sul","siafi":"8161","uf":"SC","unidade":""}
{"0":{"addresstype":"municipality","boundingbox":["-27.0960000","-26.8378087","-48.8690000","-48.6213454"],"class":"boundary","display_name":"Itajaí, Região Geográfica Imediata de Itajaí, Região Geográfica Intermediária de Blumenau, Santa Catarina, Região Sul, Brasil","importance":0.4909356859828719,"lat":"-26.9046787","licence":"Data © OpenStreetMap contributors, ODbL 1.0. http://osm.org/copyright","lon":"-48.6552979","name":"Itajaí","osm_id":296666,"osm_type":"relation","place_id":6169985,"place_rank":16,"type":"administrative"},"level":"info","message":"Coords data obtained: Itajaí, SC"}
{"bairro":"Itaipava","cep":"88316-400","complemento":"","ddd":"47","estado":"Santa Catarina","gia":"","ibge":"4208203","level":"info","localidade":"Itajaí","logradouro":"Rua Manoel Bernardes","message":"CEP data obtained: 88316-400","regiao":"Sul","siafi":"8161","uf":"SC","unidade":""}
{"0":{"addresstype":"municipality","boundingbox":["-27.0960000","-26.8378087","-48.8690000","-48.6213454"],"class":"boundary","display_name":"Itajaí, Região Geográfica Imediata de Itajaí, Região Geográfica Intermediária de Blumenau, Santa Catarina, Região Sul, Brasil","importance":0.4909356859828719,"lat":"-26.9046787","licence":"Data © OpenStreetMap contributors, ODbL 1.0. http://osm.org/copyright","lon":"-48.6552979","name":"Itajaí","osm_id":296666,"osm_type":"relation","place_id":6169985,"place_rank":16,"type":"administrative"},"level":"info","message":"Coords data obtained: Itajaí, SC"}
{"erro":"true","level":"info","message":"CEP data obtained: 88365000"}
{"level":"info","message":"Coords data obtained: undefined, undefined"}
{"level":"error","message":"Error getting coordinate data:\n {}"}
{"erro":"true","level":"info","message":"CEP data obtained: 01000000"}
{"level":"info","message":"Coords data obtained: undefined, undefined"}
{"level":"error","message":"Error getting coordinate data:\n {}"}
{"erro":"true","level":"info","message":"CEP data obtained: 20000000"}
{"level":"info","message":"Coords data obtained: undefined, undefined"}
{"level":"error","message":"Error getting coordinate data:\n {}"}
{"erro":"true","level":"info","message":"CEP data obtained: 80000000"}
{"level":"info","message":"Coords data obtained: undefined, undefined"}
{"level":"error","message":"Error getting coordinate data:\n {}"}
{"bairro":"Parzianello","cep":"85504-440","complemento":"","ddd":"46","estado":"Paraná","gia":"","ibge":"4118501","level":"info","localidade":"Pato Branco","logradouro":"Rua Jaciretã","message":"CEP data obtained: 85504440","regiao":"Sul","siafi":"7751","uf":"PR","unidade":""}
{"0":{"addresstype":"municipality","boundingbox":["-26.3078040","-25.9958796","-52.8130000","-52.5298870"],"class":"boundary","display_name":"Pato Branco, Região Geográfica Imediata de Pato Branco, Região Geográfica Intermediária de Cascavel, Paraná, Região Sul, Brasil","importance":0.5081268699903825,"lat":"-26.2295984","licence":"Data © OpenStreetMap contributors, ODbL 1.0. http://osm.org/copyright","lon":"-52.6712474","name":"Pato Branco","osm_id":297599,"osm_type":"relation","place_id":405794814,"place_rank":16,"type":"administrative"},"level":"info","message":"Coords data obtained: Pato Branco, PR"}
{"erro":"true","level":"info","message":"CEP data obtained: 85504445"}
{"level":"info","message":"Coords data obtained: undefined, undefined"}
{"level":"error","message":"Error getting coordinate data:\n {}"}
{"bairro":"","cep":"88210-000","complemento":"","ddd":"47","estado":"Santa Catarina","gia":"","ibge":"4213500","level":"info","localidade":"Porto Belo","logradouro":"","message":"CEP data obtained: 88210-000","regiao":"Sul","siafi":"8265","uf":"SC","unidade":""}
{"0":{"addresstype":"municipality","boundingbox":["-27.2204094","-27.1103737","-48.6920714","-48.5077441"],"class":"boundary","display_name":"Porto Belo, Região Geográfica Imediata de Itajaí, Região Geográfica Intermediária de Blumenau, Santa Catarina, Região Sul, 89210-000, Brasil","importance":0.4775560268670979,"lat":"-27.1542415","licence":"Data © OpenStreetMap contributors, ODbL 1.0. http://osm.org/copyright","lon":"-48.5424395","name":"Porto Belo","osm_id":296565,"osm_type":"relation","place_id":39087726,"place_rank":16,"type":"administrative"},"level":"info","message":"Coords data obtained: Porto Belo, SC"}
{"erro":"true","level":"info","message":"CEP data obtained: 90000000"}
{"level":"info","message":"Coords data obtained: undefined, undefined"}
{"level":"error","message":"Error getting coordinate data:\n {}"}
{"bairro":"Barra do Rio","cep":"88305-500","complemento":"","ddd":"47","estado":"Santa Catarina","gia":"","ibge":"4208203","level":"info","localidade":"Itajaí","logradouro":"Rua Curt Hering","message":"CEP data obtained: 88305500","regiao":"Sul","siafi":"8161","uf":"SC","unidade":""}
{"0":{"addresstype":"municipality","boundingbox":["-27.0960000","-26.8378087","-48.8690000","-48.6213454"],"class":"boundary","display_name":"Itajaí, Região Geográfica Imediata de Itajaí, Região Geográfica Intermediária de Blumenau, Santa Catarina, Região Sul, Brasil","importance":0.4909356859828719,"lat":"-26.9046787","licence":"Data © OpenStreetMap contributors, ODbL 1.0. http://osm.org/copyright","lon":"-48.6552979","name":"Itajaí","osm_id":296666,"osm_type":"relation","place_id":38843054,"place_rank":16,"type":"administrative"},"level":"info","message":"Coords data obtained: Itajaí, SC"}
{"bairro":"Centro","cep":"88304-053","complemento":"até 445 - lado ímpar","ddd":"47","estado":"Santa Catarina","gia":"","ibge":"4208203","level":"info","localidade":"Itajaí","logradouro":"Rua Alberto Werner","message":"CEP data obtained: 88304053","regiao":"Sul","siafi":"8161","uf":"SC","unidade":""}
{"0":{"addresstype":"municipality","boundingbox":["-27.0960000","-26.8378087","-48.8690000","-48.6213454"],"class":"boundary","display_name":"Itajaí, Região Geográfica Imediata de Itajaí, Região Geográfica Intermediária de Blumenau, Santa Catarina, Região Sul, Brasil","importance":0.4909356859828719,"lat":"-26.9046787","licence":"Data © OpenStreetMap contributors, ODbL 1.0. http://osm.org/copyright","lon":"-48.6552979","name":"Itajaí","osm_id":296666,"osm_type":"relation","place_id":38843054,"place_rank":16,"type":"administrative"},"level":"info","message":"Coords data obtained: Itajaí, SC"}
{"erro":"true","level":"info","message":"CEP data obtained: 88119401"}
{"level":"info","message":"Coords data obtained: undefined, undefined"}
{"level":"error","message":"Error getting coordinate data:\n {}"}
{"erro":"true","level":"info","message":"CEP data obtained: 01000000"}
{"level":"info","message":"Coords data obtained: undefined, undefined"}
{"level":"error","message":"Error getting coordinate data:\n {}"}
{"erro":"true","level":"info","message":"CEP data obtained: 80000000"}
{"level":"info","message":"Coords data obtained: undefined, undefined"}
{"level":"error","message":"Error getting coordinate data:\n {}"}
{"erro":"true","level":"info","message":"CEP data obtained: 88114984"}
{"level":"info","message":"Coords data obtained: undefined, undefined"}
{"level":"error","message":"Error getting coordinate data:\n {}"}
{"bairro":"Santa Rosa","cep":"78040-365","complemento":"lado par","ddd":"65","estado":"Mato Grosso","gia":"","ibge":"5103403","level":"info","localidade":"Cuiabá","logradouro":"Avenida Miguel Sutil","message":"CEP data obtained: 78040-365","regiao":"Centro-Oeste","siafi":"9067","uf":"MT","unidade":""}
{"0":{"addresstype":"municipality","boundingbox":["-16.5370567","-15.0700643","-56.3019265","-55.1272671"],"class":"boundary","display_name":"Cuiabá, Região Geográfica Imediata de Cuiabá, Região Metropolitana do Vale do Rio Cuiabá, Região Geográfica Intermediária de Cuiabá, Mato Grosso, Região Centro-Oeste, Brasil","importance":0.5779612535366838,"lat":"-15.5986686","licence":"Data © OpenStreetMap contributors, ODbL 1.0. http://osm.org/copyright","lon":"-56.0991301","name":"Cuiabá","osm_id":333734,"osm_type":"relation","place_id":43435049,"place_rank":16,"type":"administrative"},"level":"info","message":"Coords data obtained: Cuiabá, MT"}
{"bairro":"","cep":"88210-000","complemento":"","ddd":"47","estado":"Santa Catarina","gia":"","ibge":"4213500","level":"info","localidade":"Porto Belo","logradouro":"","message":"CEP data obtained: 88210000","regiao":"Sul","siafi":"8265","uf":"SC","unidade":""}
{"0":{"addresstype":"municipality","boundingbox":["-27.2204094","-27.1103737","-48.6920714","-48.5077441"],"class":"boundary","display_name":"Porto Belo, Região Geográfica Imediata de Itajaí, Região Geográfica Intermediária de Blumenau, Santa Catarina, Região Sul, 89210-000, Brasil","importance":0.4775560268670979,"lat":"-27.1542415","licence":"Data © OpenStreetMap contributors, ODbL 1.0. http://osm.org/copyright","lon":"-48.5424395","name":"Porto Belo","osm_id":296565,"osm_type":"relation","place_id":39087726,"place_rank":16,"type":"administrative"},"level":"info","message":"Coords data obtained: Porto Belo, SC"}
{"bairro":"Santa Rosa","cep":"78040-365","complemento":"lado par","ddd":"65","estado":"Mato Grosso","gia":"","ibge":"5103403","level":"info","localidade":"Cuiabá","logradouro":"Avenida Miguel Sutil","message":"CEP data obtained: 78040-365","regiao":"Centro-Oeste","siafi":"9067","uf":"MT","unidade":""}
{"0":{"addresstype":"municipality","boundingbox":["-16.5370567","-15.0700643","-56.3019265","-55.1272671"],"class":"boundary","display_name":"Cuiabá, Região Geográfica Imediata de Cuiabá, Região Metropolitana do Vale do Rio Cuiabá, Região Geográfica Intermediária de Cuiabá, Mato Grosso, Região Centro-Oeste, Brasil","importance":0.5779612535366838,"lat":"-15.5986686","licence":"Data © OpenStreetMap contributors, ODbL 1.0. http://osm.org/copyright","lon":"-56.0991301","name":"Cuiabá","osm_id":333734,"osm_type":"relation","place_id":43435049,"place_rank":16,"type":"administrative"},"level":"info","message":"Coords data obtained: Cuiabá, MT"}
{"erro":"true","level":"info","message":"CEP data obtained: 01000000"}
{"erro":"true","level":"info","message":"CEP data obtained: 20000000"}
{"erro":"true","level":"info","message":"CEP data obtained: 30100000"}
{"level":"info","message":"Coords data obtained: undefined, undefined"}
{"level":"error","message":"Error getting coordinate data:\n {}"}
{"erro":"true","level":"info","message":"CEP data obtained: 80000000"}
{"level":"info","message":"Coords data obtained: undefined, undefined"}
{"level":"error","message":"Error getting coordinate data:\n {}"}
{"level":"info","message":"Coords data obtained: undefined, undefined"}
{"level":"error","message":"Error getting coordinate data:\n {}"}
{"level":"info","message":"Coords data obtained: undefined, undefined"}
{"level":"error","message":"Error getting coordinate data:\n {}"}
{"erro":"true","level":"info","message":"CEP data obtained: 80000000"}
{"erro":"true","level":"info","message":"CEP data obtained: 90000000"}
{"level":"info","message":"Coords data obtained: undefined, undefined"}
{"level":"error","message":"Error getting coordinate data:\n {}"}
{"erro":"true","level":"info","message":"CEP data obtained: 30100000"}
{"erro":"true","level":"info","message":"CEP data obtained: 01000000"}
{"level":"info","message":"Coords data obtained: undefined, undefined"}
{"level":"error","message":"Error getting coordinate data:\n {}"}
{"level":"info","message":"Coords data obtained: undefined, undefined"}
{"level":"error","message":"Error getting coordinate data:\n {}"}
{"level":"info","message":"Coords data obtained: undefined, undefined"}
{"level":"error","message":"Error getting coordinate data:\n {}"}
{"erro":"true","level":"info","message":"CEP data obtained: 20000000"}
{"level":"info","message":"Coords data obtained: undefined, undefined"}
{"level":"error","message":"Error getting coordinate data:\n {}"}
{"erro":"true","level":"info","message":"CEP data obtained: 30100000"}
{"level":"info","message":"Coords data obtained: undefined, undefined"}
{"level":"error","message":"Error getting coordinate data:\n {}"}
{"erro":"true","level":"info","message":"CEP data obtained: 20000000"}
{"level":"info","message":"Coords data obtained: undefined, undefined"}
{"level":"error","message":"Error getting coordinate data:\n {}"}
{"erro":"true","level":"info","message":"CEP data obtained: 80000000"}
{"level":"info","message":"Coords data obtained: undefined, undefined"}
{"level":"error","message":"Error getting coordinate data:\n {}"}
{"erro":"true","level":"info","message":"CEP data obtained: 80000000"}
{"erro":"true","level":"info","message":"CEP data obtained: 01000000"}
{"level":"error","message":"Error getting coordinate data:\n {\"cause\":{\"name\":\"SocketError\",\"code\":\"UND_ERR_SOCKET\",\"socket\":{\"localAddress\":\"192.168.0.121\",\"localPort\":59388,\"remoteAddress\":\"184.104.179.133\",\"remotePort\":443,\"remoteFamily\":\"IPv4\",\"bytesWritten\":750,\"bytesRead\":374}}}"}
{"level":"info","message":"Coords data obtained: undefined, undefined"}
{"level":"error","message":"Error getting coordinate data:\n {}"}
{"erro":"true","level":"info","message":"CEP data obtained: 80000000"}
{"level":"info","message":"Coords data obtained: undefined, undefined"}
{"level":"error","message":"Error getting coordinate data:\n {}"}
{"erro":"true","level":"info","message":"CEP data obtained: 90000000"}
{"level":"info","message":"Coords data obtained: undefined, undefined"}
{"level":"error","message":"Error getting coordinate data:\n {}"}
{"erro":"true","level":"info","message":"CEP data obtained: 01000000"}
{"level":"info","message":"Coords data obtained: undefined, undefined"}
{"level":"error","message":"Error getting coordinate data:\n {}"}
{"erro":"true","level":"info","message":"CEP data obtained: 01000000"}
{"level":"info","message":"Coords data obtained: undefined, undefined"}
{"level":"error","message":"Error getting coordinate data:\n {}"}
{"erro":"true","level":"info","message":"CEP data obtained: 01000000"}
{"level":"info","message":"Coords data obtained: undefined, undefined"}
{"level":"error","message":"Error getting coordinate data:\n {}"}
{"erro":"true","level":"info","message":"CEP data obtained: 01000000"}
{"level":"info","message":"Coords data obtained: undefined, undefined"}
{"level":"error","message":"Error getting coordinate data:\n {}"}
{"erro":"true","level":"info","message":"CEP data obtained: 01000000"}
{"level":"info","message":"Coords data obtained: undefined, undefined"}
{"level":"error","message":"Error getting coordinate data:\n {}"}
{"bairro":"Centro","cep":"88304-053","complemento":"até 445 - lado ímpar","ddd":"47","estado":"Santa Catarina","gia":"","ibge":"4208203","level":"info","localidade":"Itajaí","logradouro":"Rua Alberto Werner","message":"CEP data obtained: 88304-053","regiao":"Sul","siafi":"8161","uf":"SC","unidade":""}
{"0":{"addresstype":"municipality","boundingbox":["-27.0960000","-26.8378087","-48.8690000","-48.6213454"],"class":"boundary","display_name":"Itajaí, Região Geográfica Imediata de Itajaí, Região Geográfica Intermediária de Blumenau, Santa Catarina, Região Sul, Brasil","importance":0.4909356859828719,"lat":"-26.9046787","licence":"Data © OpenStreetMap contributors, ODbL 1.0. http://osm.org/copyright","lon":"-48.6552979","name":"Itajaí","osm_id":296666,"osm_type":"relation","place_id":38843054,"place_rank":16,"type":"administrative"},"level":"info","message":"Coords data obtained: Itajaí, SC"}
{"bairro":"Itaipava","cep":"88316-400","complemento":"","ddd":"47","estado":"Santa Catarina","gia":"","ibge":"4208203","level":"info","localidade":"Itajaí","logradouro":"Rua Manoel Bernardes","message":"CEP data obtained: 88316-400","regiao":"Sul","siafi":"8161","uf":"SC","unidade":""}
{"0":{"addresstype":"municipality","boundingbox":["-27.0960000","-26.8378087","-48.8690000","-48.6213454"],"class":"boundary","display_name":"Itajaí, Região Geográfica Imediata de Itajaí, Região Geográfica Intermediária de Blumenau, Santa Catarina, Região Sul, Brasil","importance":0.4909356859828719,"lat":"-26.9046787","licence":"Data © OpenStreetMap contributors, ODbL 1.0. http://osm.org/copyright","lon":"-48.6552979","name":"Itajaí","osm_id":296666,"osm_type":"relation","place_id":6169985,"place_rank":16,"type":"administrative"},"level":"info","message":"Coords data obtained: Itajaí, SC"}
{"bairro":"","cep":"69921-000","complemento":"","ddd":"68","estado":"Acre","gia":"","ibge":"1200807","level":"info","localidade":"Porto Acre","logradouro":"","message":"CEP data obtained: 69921-000","regiao":"Norte","siafi":"0649","uf":"AC","unidade":""}
{"0":{"addresstype":"municipality","boundingbox":["-9.9270000","-9.3440000","-68.0894407","-67.3240858"],"class":"boundary","display_name":"Porto Acre, Região Geográfica Imediata de Rio Branco, Região Geográfica Intermediária de Rio Branco, Acre, Região Norte, Brasil","importance":0.38399952086001105,"lat":"-9.5879722","licence":"Data © OpenStreetMap contributors, ODbL 1.0. http://osm.org/copyright","lon":"-67.53307","name":"Porto Acre","osm_id":326265,"osm_type":"relation","place_id":2532476,"place_rank":16,"type":"administrative"},"1":{"addresstype":"city_district","boundingbox":["-9.9270000","-9.3440000","-68.0894407","-67.3240858"],"class":"boundary","display_name":"Porto Acre, Região Geográfica Imediata de Rio Branco, Região Geográfica Intermediária de Rio Branco, Acre, Região Norte, Brasil","importance":0.30000999999999994,"lat":"-9.6365","licence":"Data © OpenStreetMap contributors, ODbL 1.0. http://osm.org/copyright","lon":"-67.64826281122446","name":"Porto Acre","osm_id":6163913,"osm_type":"relation","place_id":2557752,"place_rank":18,"type":"administrative"},"level":"info","message":"Coords data obtained: Porto Acre, AC"}
{"bairro":"Nova Cidade","cep":"27949-336","complemento":"","ddd":"22","estado":"Rio de Janeiro","gia":"","ibge":"3302403","level":"info","localidade":"Macaé","logradouro":"Rua Las Vegas","message":"CEP data obtained: 27949-336","regiao":"Sudeste","siafi":"5847","uf":"RJ","unidade":""}
{"0":{"addresstype":"city","boundingbox":["-22.4219889","-22.1460124","-41.9415311","-41.6853844"],"class":"boundary","display_name":"Macaé, Região Geográfica Imediata de Macaé-Rio das Ostras, Região Geográfica Intermediária de Macaé-Rio das Ostras-Cabo Frio, Rio de Janeiro, Região Sudeste, Brasil","importance":0.4812707232248931,"lat":"-22.3712958","licence":"Data © OpenStreetMap contributors, ODbL 1.0. http://osm.org/copyright","lon":"-41.7866922","name":"Macaé","osm_id":14550822,"osm_type":"relation","place_id":8811422,"place_rank":18,"type":"administrative"},"1":{"addresstype":"municipality","boundingbox":["-22.4392514","-22.1262876","-42.2641728","-41.6853844"],"class":"boundary","display_name":"Macaé, Região Geográfica Imediata de Macaé-Rio das Ostras, Região Geográfica Intermediária de Macaé-Rio das Ostras-Cabo Frio, Rio de Janeiro, Região Sudeste, Brasil","importance":0.4812707232248931,"lat":"-22.28283055","licence":"Data © OpenStreetMap contributors, ODbL 1.0. http://osm.org/copyright","lon":"-41.96490906592897","name":"Macaé","osm_id":2212560,"osm_type":"relation","place_id":8821049,"place_rank":16,"type":"administrative"},"level":"info","message":"Coords data obtained: Macaé, RJ"}
